SF:lib\views\login\login_view_model.dart
DA:9,0
DA:14,0
DA:15,0
DA:18,0
DA:19,0
DA:20,0
DA:23,0
DA:27,1
DA:28,1
DA:31,1
DA:37,1
DA:38,1
DA:41,2
LF:13
LH:6
end_of_record
SF:lib\base\app_setup.locator.dart
DA:14,0
DA:16,0
DA:19,0
DA:23,0
DA:24,0
LF:5
LH:0
end_of_record
SF:lib\services\auth_service.dart
DA:4,0
DA:6,0
DA:10,0
DA:18,0
DA:20,0
DA:21,0
DA:22,0
DA:25,0
DA:26,0
DA:27,0
LF:10
LH:0
end_of_record
SF:lib\base\app_setup.router.dart
DA:66,0
DA:67,0
DA:68,0
DA:69,0
DA:73,0
DA:80,0
DA:87,0
DA:94,0
DA:101,0
DA:108,0
LF:10
LH:0
end_of_record
SF:lib\views\home\home_view.dart
DA:7,0
DA:9,0
DA:10,0
DA:11,0
DA:13,0
DA:14,0
DA:19,0
DA:20,0
LF:8
LH:0
end_of_record
SF:lib\views\login\login_view.dart
DA:7,0
DA:10,0
DA:11,0
DA:14,0
DA:15,0
DA:16,0
DA:18,0
DA:19,0
DA:20,0
DA:21,0
DA:22,0
DA:27,0
DA:28,0
DA:29,0
DA:35,0
DA:36,0
DA:47,0
DA:48,0
LF:18
LH:0
end_of_record
SF:lib\views\splash\splash_view.dart
DA:6,1
DA:8,0
DA:11,0
DA:12,0
DA:13,0
DA:15,0
DA:21,0
DA:23,0
DA:25,0
DA:27,0
DA:30,0
LF:11
LH:1
end_of_record
SF:lib\views\splash\splash_view_model.dart
DA:12,0
DA:14,0
DA:15,0
DA:18,0
DA:19,0
DA:22,0
LF:6
LH:0
end_of_record
